2024-11-08 12:33:54.016 | INFO     | src.utils.logging_utils:wrapper:17 - Starting train_task
2024-11-08 12:48:20.886 | INFO     | src.utils.logging_utils:wrapper:17 - Starting train_task
2024-11-08 12:58:46.635 | INFO     | src.utils.logging_utils:wrapper:17 - Starting train_task
2024-11-08 13:01:40.547 | INFO     | src.utils.logging_utils:wrapper:17 - Starting train_task
2024-11-08 13:02:10.856 | ERROR    | src.utils.logging_utils:wrapper:23 - Error in train_task: [Errno 13] Permission denied: '/home/runner'
Traceback (most recent call last):

  File "/workspaces/mlops/mlops_week7/src/train.py", line 156, in <module>
    train()
    └ <function train at 0x77894faabce0>

  File "/workspaces/mlops/mlops_week7/my_env/lib/python3.11/site-packages/hydra/main.py", line 90, in decorated_main
    _run_hydra(
    └ <function _run_hydra at 0x77897dfb3ba0>
  File "/workspaces/mlops/mlops_week7/my_env/lib/python3.11/site-packages/hydra/_internal/utils.py", line 394, in _run_hydra
    _run_app(
    └ <function _run_app at 0x77897dfb3c40>
  File "/workspaces/mlops/mlops_week7/my_env/lib/python3.11/site-packages/hydra/_internal/utils.py", line 457, in _run_app
    run_and_report(
    └ <function run_and_report at 0x77897dfb3b00>
  File "/workspaces/mlops/mlops_week7/my_env/lib/python3.11/site-packages/hydra/_internal/utils.py", line 219, in run_and_report
    return func()
           └ <function _run_app.<locals>.<lambda> at 0x77895cf56b60>
  File "/workspaces/mlops/mlops_week7/my_env/lib/python3.11/site-packages/hydra/_internal/utils.py", line 458, in <lambda>
    lambda: hydra.run(
            │     └ <function Hydra.run at 0x77897defc860>
            └ <hydra._internal.hydra.Hydra object at 0x77895cf47f90>
  File "/workspaces/mlops/mlops_week7/my_env/lib/python3.11/site-packages/hydra/_internal/hydra.py", line 119, in run
    ret = run_job(
          └ <function run_job at 0x77897dfb2b60>
  File "/workspaces/mlops/mlops_week7/my_env/lib/python3.11/site-packages/hydra/core/utils.py", line 186, in run_job
    ret.return_value = task_function(task_cfg)
    │   │              │             └ {'task_name': 'training', 'train': True, 'test': False, 'data': {'_target_': 'src.datamodules.dogbreed_datamodule.DogBreedIma...
    │   │              └ <function train at 0x77894faabc40>
    │   └ <property object at 0x77897df77060>
    └ JobReturn(overrides=[], cfg={'task_name': 'training', 'train': True, 'test': False, 'data': {'_target_': 'src.datamodules.dog...

  File "/workspaces/mlops/mlops_week7/src/train.py", line 135, in train
    train_metrics = train_task(cfg, trainer, model, datamodule)
                    │          │    │        │      └ <src.datamodules.dogbreed_datamodule.DogBreedImageDataModule object at 0x77894d00a110>
                    │          │    │        └ TimmClassifier(
                    │          │    │            (model): MobileNetV3(
                    │          │    │              (conv_stem): Conv2d(3, 16, kernel_size=(3, 3), stride=(2, 2), padding=(1, 1), bia...
                    │          │    └ <lightning.pytorch.trainer.trainer.Trainer object at 0x77893cf42390>
                    │          └ {'task_name': 'training', 'train': True, 'test': False, 'data': {'_target_': 'src.datamodules.dogbreed_datamodule.DogBreedIma...
                    └ <function train_task at 0x77894faabb00>

> File "/workspaces/mlops/mlops_week7/src/utils/logging_utils.py", line 19, in wrapper
    result = func(*args, **kwargs)
             │     │       └ {}
             │     └ ({'task_name': 'training', 'train': True, 'test': False, 'data': {'_target_': 'src.datamodules.dogbreed_datamodule.DogBreedIm...
             └ <function train_task at 0x77894faaba60>

  File "/workspaces/mlops/mlops_week7/src/train.py", line 69, in train_task
    trainer.fit(model, datamodule,ckpt_path=None)
    │       │   │      └ <src.datamodules.dogbreed_datamodule.DogBreedImageDataModule object at 0x77894d00a110>
    │       │   └ TimmClassifier(
    │       │       (model): MobileNetV3(
    │       │         (conv_stem): Conv2d(3, 16, kernel_size=(3, 3), stride=(2, 2), padding=(1, 1), bia...
    │       └ <function Trainer.fit at 0x77894fa19440>
    └ <lightning.pytorch.trainer.trainer.Trainer object at 0x77893cf42390>

  File "/workspaces/mlops/mlops_week7/my_env/lib/python3.11/site-packages/lightning/pytorch/trainer/trainer.py", line 545, in fit
    call._call_and_handle_interrupt(
    │    └ <function _call_and_handle_interrupt at 0x77894fad9c60>
    └ <module 'lightning.pytorch.trainer.call' from '/workspaces/mlops/mlops_week7/my_env/lib/python3.11/site-packages/lightning/py...
  File "/workspaces/mlops/mlops_week7/my_env/lib/python3.11/site-packages/lightning/pytorch/trainer/call.py", line 44, in _call_and_handle_interrupt
    return trainer_fn(*args, **kwargs)
           │           │       └ {}
           │           └ (TimmClassifier(
           │               (model): MobileNetV3(
           │                 (conv_stem): Conv2d(3, 16, kernel_size=(3, 3), stride=(2, 2), padding=(1, 1), bi...
           └ <bound method Trainer._fit_impl of <lightning.pytorch.trainer.trainer.Trainer object at 0x77893cf42390>>
  File "/workspaces/mlops/mlops_week7/my_env/lib/python3.11/site-packages/lightning/pytorch/trainer/trainer.py", line 581, in _fit_impl
    self._run(model, ckpt_path=ckpt_path)
    │    │    │                └ None
    │    │    └ TimmClassifier(
    │    │        (model): MobileNetV3(
    │    │          (conv_stem): Conv2d(3, 16, kernel_size=(3, 3), stride=(2, 2), padding=(1, 1), bia...
    │    └ <function Trainer._run at 0x77894fa19940>
    └ <lightning.pytorch.trainer.trainer.Trainer object at 0x77893cf42390>
  File "/workspaces/mlops/mlops_week7/my_env/lib/python3.11/site-packages/lightning/pytorch/trainer/trainer.py", line 990, in _run
    results = self._run_stage()
              │    └ <function Trainer._run_stage at 0x77894fa19a80>
              └ <lightning.pytorch.trainer.trainer.Trainer object at 0x77893cf42390>
  File "/workspaces/mlops/mlops_week7/my_env/lib/python3.11/site-packages/lightning/pytorch/trainer/trainer.py", line 1036, in _run_stage
    self.fit_loop.run()
    │    │        └ <function _FitLoop.run at 0x77894fba8900>
    │    └ <lightning.pytorch.loops.fit_loop._FitLoop object at 0x77893cf33bd0>
    └ <lightning.pytorch.trainer.trainer.Trainer object at 0x77893cf42390>
  File "/workspaces/mlops/mlops_week7/my_env/lib/python3.11/site-packages/lightning/pytorch/loops/fit_loop.py", line 203, in run
    self.on_advance_end()
    │    └ <function _FitLoop.on_advance_end at 0x77894fba8cc0>
    └ <lightning.pytorch.loops.fit_loop._FitLoop object at 0x77893cf33bd0>
  File "/workspaces/mlops/mlops_week7/my_env/lib/python3.11/site-packages/lightning/pytorch/loops/fit_loop.py", line 374, in on_advance_end
    call._call_callback_hooks(trainer, "on_train_epoch_end", monitoring_callbacks=True)
    │    │                    └ <lightning.pytorch.trainer.trainer.Trainer object at 0x77893cf42390>
    │    └ <function _call_callback_hooks at 0x77894fada020>
    └ <module 'lightning.pytorch.trainer.call' from '/workspaces/mlops/mlops_week7/my_env/lib/python3.11/site-packages/lightning/py...
  File "/workspaces/mlops/mlops_week7/my_env/lib/python3.11/site-packages/lightning/pytorch/trainer/call.py", line 208, in _call_callback_hooks
    fn(trainer, trainer.lightning_module, *args, **kwargs)
    │  │        │       │                  │       └ {}
    │  │        │       │                  └ ()
    │  │        │       └ <property object at 0x77894fa02070>
    │  │        └ <lightning.pytorch.trainer.trainer.Trainer object at 0x77893cf42390>
    │  └ <lightning.pytorch.trainer.trainer.Trainer object at 0x77893cf42390>
    └ <bound method ModelCheckpoint.on_train_epoch_end of <src.train.CustomModelCheckpiont object at 0x77894c31d7d0>>
  File "/workspaces/mlops/mlops_week7/my_env/lib/python3.11/site-packages/lightning/pytorch/callbacks/model_checkpoint.py", line 311, in on_train_epoch_end
    self._save_topk_checkpoint(trainer, monitor_candidates)
    │    │                     │        └ {'train/loss': tensor(0.1636), 'train/acc': tensor(1.), 'val/loss': tensor(5.3723), 'val/acc': tensor(0.1837), 'val/acc_best'...
    │    │                     └ <lightning.pytorch.trainer.trainer.Trainer object at 0x77893cf42390>
    │    └ <function ModelCheckpoint._save_topk_checkpoint at 0x77894ff6eca0>
    └ <src.train.CustomModelCheckpiont object at 0x77894c31d7d0>
  File "/workspaces/mlops/mlops_week7/my_env/lib/python3.11/site-packages/lightning/pytorch/callbacks/model_checkpoint.py", line 368, in _save_topk_checkpoint
    self._save_monitor_checkpoint(trainer, monitor_candidates)
    │    │                        │        └ {'train/loss': tensor(0.1636), 'train/acc': tensor(1.), 'val/loss': tensor(5.3723), 'val/acc': tensor(0.1837), 'val/acc_best'...
    │    │                        └ <lightning.pytorch.trainer.trainer.Trainer object at 0x77893cf42390>
    │    └ <function ModelCheckpoint._save_monitor_checkpoint at 0x77894ff6f880>
    └ <src.train.CustomModelCheckpiont object at 0x77894c31d7d0>
  File "/workspaces/mlops/mlops_week7/my_env/lib/python3.11/site-packages/lightning/pytorch/callbacks/model_checkpoint.py", line 681, in _save_monitor_checkpoint
    self._update_best_and_save(current, trainer, monitor_candidates)
    │    │                     │        │        └ {'train/loss': tensor(0.1636), 'train/acc': tensor(1.), 'val/loss': tensor(5.3723), 'val/acc': tensor(0.1837), 'val/acc_best'...
    │    │                     │        └ <lightning.pytorch.trainer.trainer.Trainer object at 0x77893cf42390>
    │    │                     └ tensor(0.1837)
    │    └ <function ModelCheckpoint._update_best_and_save at 0x77894ff6f9c0>
    └ <src.train.CustomModelCheckpiont object at 0x77894c31d7d0>
  File "/workspaces/mlops/mlops_week7/my_env/lib/python3.11/site-packages/lightning/pytorch/callbacks/model_checkpoint.py", line 733, in _update_best_and_save
    self._save_checkpoint(trainer, filepath)
    │    │                │        └ '/home/runner/work/mlops/mlops/mlops_week7/model_storage/.ckpt'
    │    │                └ <lightning.pytorch.trainer.trainer.Trainer object at 0x77893cf42390>
    │    └ <function CustomModelCheckpiont._save_checkpoint at 0x77894c0ee660>
    └ <src.train.CustomModelCheckpiont object at 0x77894c31d7d0>

  File "/workspaces/mlops/mlops_week7/src/train.py", line 32, in _save_checkpoint
    super()._save_checkpoint(trainer, filepath)
                             │        └ '/home/runner/work/mlops/mlops/mlops_week7/model_storage/.ckpt'
                             └ <lightning.pytorch.trainer.trainer.Trainer object at 0x77893cf42390>

  File "/workspaces/mlops/mlops_week7/my_env/lib/python3.11/site-packages/lightning/pytorch/callbacks/model_checkpoint.py", line 373, in _save_checkpoint
    trainer.save_checkpoint(filepath, self.save_weights_only)
    │       │               │         │    └ False
    │       │               │         └ <src.train.CustomModelCheckpiont object at 0x77894c31d7d0>
    │       │               └ '/home/runner/work/mlops/mlops/mlops_week7/model_storage/.ckpt'
    │       └ <function Trainer.save_checkpoint at 0x77894fa1b060>
    └ <lightning.pytorch.trainer.trainer.Trainer object at 0x77893cf42390>
  File "/workspaces/mlops/mlops_week7/my_env/lib/python3.11/site-packages/lightning/pytorch/trainer/trainer.py", line 1384, in save_checkpoint
    self.strategy.save_checkpoint(checkpoint, filepath, storage_options=storage_options)
    │    │                        │           │                         └ None
    │    │                        │           └ '/home/runner/work/mlops/mlops/mlops_week7/model_storage/.ckpt'
    │    │                        └ {'epoch': 0, 'global_step': 13, 'pytorch-lightning_version': '2.1.0', 'state_dict': OrderedDict([('model.conv_stem.weight', t...
    │    └ <property object at 0x77894fa01da0>
    └ <lightning.pytorch.trainer.trainer.Trainer object at 0x77893cf42390>
  File "/workspaces/mlops/mlops_week7/my_env/lib/python3.11/site-packages/lightning/pytorch/strategies/strategy.py", line 482, in save_checkpoint
    self.checkpoint_io.save_checkpoint(checkpoint, filepath, storage_options=storage_options)
    │    │                             │           │                         └ None
    │    │                             │           └ '/home/runner/work/mlops/mlops/mlops_week7/model_storage/.ckpt'
    │    │                             └ {'epoch': 0, 'global_step': 13, 'pytorch-lightning_version': '2.1.0', 'state_dict': OrderedDict([('model.conv_stem.weight', t...
    │    └ <property object at 0x77894fb346d0>
    └ <lightning.pytorch.strategies.single_device.SingleDeviceStrategy object at 0x77893f394310>
  File "/workspaces/mlops/mlops_week7/my_env/lib/python3.11/site-packages/lightning/fabric/plugins/io/torch_io.py", line 54, in save_checkpoint
    fs.makedirs(os.path.dirname(path), exist_ok=True)
    │  │        │  │    │       └ '/home/runner/work/mlops/mlops/mlops_week7/model_storage/.ckpt'
    │  │        │  │    └ <function dirname at 0x77897e70d080>
    │  │        │  └ <module 'posixpath' (frozen)>
    │  │        └ <module 'os' (frozen)>
    │  └ <function LocalFileSystem.makedirs at 0x77895c1ae7a0>
    └ <fsspec.implementations.local.LocalFileSystem object at 0x77894c3678d0>
  File "/workspaces/mlops/mlops_week7/my_env/lib/python3.11/site-packages/fsspec/implementations/local.py", line 54, in makedirs
    os.makedirs(path, exist_ok=exist_ok)
    │  │        │              └ True
    │  │        └ '/home/runner/work/mlops/mlops/mlops_week7/model_storage'
    │  └ <function makedirs at 0x77897e7093a0>
    └ <module 'os' (frozen)>
  File "<frozen os>", line 215, in makedirs
  File "<frozen os>", line 215, in makedirs
  File "<frozen os>", line 215, in makedirs
  [Previous line repeated 2 more times]
  File "<frozen os>", line 225, in makedirs

PermissionError: [Errno 13] Permission denied: '/home/runner'
2024-11-08 13:22:10.032 | INFO     | src.utils.logging_utils:wrapper:17 - Starting train_task
2024-11-08 13:24:20.415 | INFO     | src.utils.logging_utils:wrapper:17 - Starting train_task
2024-11-08 13:29:11.580 | INFO     | src.utils.logging_utils:wrapper:20 - Finished train_task
2024-11-08 14:00:27.427 | INFO     | src.utils.logging_utils:wrapper:17 - Starting train_task
2024-11-08 14:05:31.657 | INFO     | src.utils.logging_utils:wrapper:20 - Finished train_task
2024-11-08 15:27:47.549 | INFO     | src.utils.logging_utils:wrapper:17 - Starting train_task
2024-11-08 15:48:58.653 | INFO     | src.utils.logging_utils:wrapper:17 - Starting train_task
2024-11-08 15:54:07.784 | INFO     | src.utils.logging_utils:wrapper:20 - Finished train_task
2024-11-08 15:54:08.081 | INFO     | src.utils.logging_utils:wrapper:17 - Starting train_task
2024-11-08 15:59:50.516 | INFO     | src.utils.logging_utils:wrapper:20 - Finished train_task
2024-11-08 16:16:40.338 | INFO     | src.utils.logging_utils:wrapper:17 - Starting train_task
2024-11-08 16:21:24.659 | INFO     | src.utils.logging_utils:wrapper:20 - Finished train_task
2024-11-08 16:21:24.983 | INFO     | src.utils.logging_utils:wrapper:17 - Starting train_task
2024-11-08 16:26:21.395 | INFO     | src.utils.logging_utils:wrapper:20 - Finished train_task
2024-11-08 16:26:21.691 | INFO     | src.utils.logging_utils:wrapper:17 - Starting train_task
2024-11-08 16:32:08.630 | INFO     | src.utils.logging_utils:wrapper:20 - Finished train_task
2024-11-08 16:32:09.707 | INFO     | src.utils.logging_utils:wrapper:17 - Starting train_task
2024-11-08 16:36:56.435 | INFO     | src.utils.logging_utils:wrapper:20 - Finished train_task
2024-11-08 16:36:56.711 | INFO     | src.utils.logging_utils:wrapper:17 - Starting train_task
